"gcc -o conftest -I/home/marlburo/.rbenv/versions/2.1.2/include/ruby-2.1.0/x86_64-linux -I/home/marlburo/.rbenv/versions/2.1.2/include/ruby-2.1.0/ruby/backward -I/home/marlburo/.rbenv/versions/2.1.2/include/ruby-2.1.0 -I. -I/home/marlburo/.rbenv/versions/2.1.2/include     -O3 -fno-fast-math -ggdb3 -Wall -Wextra -Wno-unused-parameter -Wno-parentheses -Wno-long-long -Wno-missing-field-initializers -Wunused-variable -Wpointer-arith -Wwrite-strings -Wdeclaration-after-statement -Wimplicit-function-declaration conftest.c  -L. -L/home/marlburo/.rbenv/versions/2.1.2/lib -Wl,-R/home/marlburo/.rbenv/versions/2.1.2/lib -L. -L/home/marlburo/.rbenv/versions/2.1.2/lib  -fstack-protector -rdynamic -Wl,-export-dynamic     -Wl,-R -Wl,/home/marlburo/.rbenv/versions/2.1.2/lib -L/home/marlburo/.rbenv/versions/2.1.2/lib -lruby-static  -lpthread -ldl -lcrypt -lm   -lc"
checked program was:
/* begin */
1: #include "ruby.h"
2: 
3: int main(int argc, char **argv)
4: {
5:   return 0;
6: }
/* end */

"gcc -o conftest -I/home/marlburo/.rbenv/versions/2.1.2/include/ruby-2.1.0/x86_64-linux -I/home/marlburo/.rbenv/versions/2.1.2/include/ruby-2.1.0/ruby/backward -I/home/marlburo/.rbenv/versions/2.1.2/include/ruby-2.1.0 -I. -I/home/marlburo/.rbenv/versions/2.1.2/include     -O3 -fno-fast-math -ggdb3 -Wall -Wextra -Wno-unused-parameter -Wno-parentheses -Wno-long-long -Wno-missing-field-initializers -Wunused-variable -Wpointer-arith -Wwrite-strings -Wdeclaration-after-statement -Wimplicit-function-declaration conftest.c  -L. -L/home/marlburo/.rbenv/versions/2.1.2/lib -Wl,-R/home/marlburo/.rbenv/versions/2.1.2/lib -L. -L/home/marlburo/.rbenv/versions/2.1.2/lib  -fstack-protector -rdynamic -Wl,-export-dynamic     -Wl,-R -Wl,/home/marlburo/.rbenv/versions/2.1.2/lib -L/home/marlburo/.rbenv/versions/2.1.2/lib -lruby-static  -O3 -fno-fast-math -ggdb3 -Wall -Wextra -Wno-unused-parameter -Wno-parentheses -Wno-long-long -Wno-missing-field-initializers -Wunused-variable -Wpointer-arith -Wwrite-strings -Wdeclaration-after-statement -Wimplicit-function-declaration -lpthread -ldl -lcrypt -lm   -lc"
checked program was:
/* begin */
1: #include "ruby.h"
2: 
3: int main() {
4:   int i = 1;
5:   __sync_bool_compare_and_swap(&i, 1, 4);
6:   return (i != 4);
7: }
/* end */

./conftest
